<?xml version="1.0" encoding="UTF-8"?>
<testng-results ignored="0" total="2" passed="2" failed="0" skipped="0">
  <reporter-output>
  </reporter-output>
  <suite started-at="2021-05-23T20:17:33 IST" name="Default suite" finished-at="2021-05-23T20:17:33 IST" duration-ms="249">
    <groups>
    </groups>
    <test started-at="2021-05-23T20:17:33 IST" name="Default test" finished-at="2021-05-23T20:17:33 IST" duration-ms="249">
      <class name="com.qa.tests.GoogleTitle">
        <test-method is-config="true" signature="OpenBrowser()[pri:0, instance:com.qa.tests.GoogleTitle@2e222612]" started-at="2021-05-23T20:17:27 IST" name="OpenBrowser" finished-at="2021-05-23T20:17:33 IST" duration-ms="6271" status="PASS">
          <reporter-output>
          </reporter-output>
        </test-method> <!-- OpenBrowser -->
        <test-method signature="verifygoogleTitleTest()[pri:0, instance:com.qa.tests.GoogleTitle@2e222612]" started-at="2021-05-23T20:17:33 IST" name="verifygoogleTitleTest" finished-at="2021-05-23T20:17:33 IST" duration-ms="28" status="PASS">
          <reporter-output>
          </reporter-output>
        </test-method> <!-- verifygoogleTitleTest -->
        <test-method signature="verifysearch()[pri:1, instance:com.qa.tests.GoogleTitle@2e222612]" started-at="2021-05-23T20:17:33 IST" name="verifysearch" finished-at="2021-05-23T20:17:33 IST" duration-ms="199" status="PASS">
          <reporter-output>
          </reporter-output>
        </test-method> <!-- verifysearch -->
        <test-method is-config="true" signature="finish()[pri:0, instance:com.qa.tests.GoogleTitle@2e222612]" started-at="2021-05-23T20:17:33 IST" name="finish" finished-at="2021-05-23T20:17:34 IST" duration-ms="702" status="PASS">
          <reporter-output>
          </reporter-output>
        </test-method> <!-- finish -->
      </class> <!-- com.qa.tests.GoogleTitle -->
    </test> <!-- Default test -->
  </suite> <!-- Default suite -->
</testng-results>
